{
  "stats": {
    "suites": 1,
    "tests": 1,
    "passes": 1,
    "pending": 0,
    "failures": 0,
    "start": "2021-10-17T20:44:34.354Z",
    "end": "2021-10-17T20:44:42.268Z",
    "duration": 7914,
    "testsRegistered": 1,
    "passPercent": 100,
    "pendingPercent": 0,
    "other": 0,
    "hasOther": false,
    "skipped": 0,
    "hasSkipped": false
  },
  "results": [
    {
      "uuid": "33ce3f9a-bee8-44c1-92b1-e4a1c8d88e95",
      "title": "",
      "fullFile": "cypress/integration/05_buy_with_registration.spec.js",
      "file": "cypress/integration/05_buy_with_registration.spec.js",
      "beforeHooks": [],
      "afterHooks": [],
      "tests": [],
      "suites": [
        {
          "uuid": "7e861291-7744-4438-bdd2-db1d4745990a",
          "title": "Scenario registration and purchase",
          "fullFile": "",
          "file": "",
          "beforeHooks": [],
          "afterHooks": [],
          "tests": [
            {
              "title": "Registration and buy some item, check sum and order",
              "fullTitle": "Scenario registration and purchase Registration and buy some item, check sum and order",
              "timedOut": null,
              "duration": 6369,
              "state": "passed",
              "speed": "slow",
              "pass": true,
              "fail": false,
              "pending": false,
              "context": null,
              "code": "cy.fixture('example.json').then(data => {\n  cy.visit(data.login_url);\n  cy.log('Enter valid data');\n  cy.get('#exampleInputEmail1').type(data.login);\n  cy.get('#exampleInputPassword1').type(data.password);\n  cy.get(':nth-child(1) > form > .btn').should('have.text', 'Войти').click();\n  cy.get(':nth-child(7) > .nav-link').should('have.text', 'Верхняя одежда').click();\n  cy.get(':nth-child(3) > .page-link').scrollIntoView().should('be.visible');\n  cy.log('Find item and add to basket');\n  cy.get(':nth-child(10) > a > .img').click();\n  cy.get('#exampleCount').type('1');\n  cy.get('.btn.btn-primary').should('have.text', 'Добавить в корзину').click();\n  cy.get('.float-right > .nav-link').should('have.text', ' 1');\n  cy.go('back');\n  cy.go('back');\n  cy.get(':nth-child(11) > a > .img').click();\n  cy.get('#exampleCount').type('1');\n  cy.get('.btn.btn-primary').should('have.text', 'Добавить в корзину').click();\n  cy.log('Enter to basket and look to order');\n  cy.get('.float-right > .nav-link').should('have.text', ' 2').click();\n  cy.log('Check order sum');\n  cy.get('tbody > :nth-child(1) > :nth-child(4)').then($td => {\n    const firstItem = parseFloat($td.text());\n    cy.get('tbody > :nth-child(2) > :nth-child(4)').then($td => {\n      const secondItem = parseFloat($td.text());\n      cy.get(':nth-child(3) > :nth-child(4)').then($td => {\n        const finalSum = parseFloat($td.text());\n        expect(finalSum).to.eq(firstItem + secondItem);\n      });\n    });\n  });\n  cy.log('Delete item in order');\n  cy.get('tbody > :nth-child(2) > :nth-child(5)').click();\n  cy.log('Check sum after delete item');\n  cy.get('tbody > :nth-child(1) > :nth-child(3)').then($td => {\n    const firstItem = parseFloat($td.text());\n    cy.get('tbody > :nth-child(2) > :nth-child(4)').then($td => {\n      const finalSum = parseFloat($td.text());\n      expect(finalSum).to.eq(firstItem);\n    });\n  });\n  cy.log('Fill out the form');\n  cy.get('.col-md-6 > .form-group > #InputSelect').select('7');\n  cy.get('.col-md-5 > .form-group > #InputSelect').select('7');\n  cy.get('#InputPhone').type('345-43-45');\n  cy.get('#InputAddr').type('Москва, Зенитная улица, д.20');\n  cy.log('Submit form and check info');\n  cy.get('.btn.btn-primary').click();\n  cy.get('h4').then($h4 => {\n    const orderNum = parseInt($h4.text().replace(/[^0-9]/g, ''));\n    const urlAdress = 'http://shop.bugred.ru/shop/cart/finish/' + orderNum;\n    const textOrder = 'Ваш заказ №' + orderNum + ' собран и отправлен. Ура!';\n    cy.url().should('eq', urlAdress);\n    cy.get('h4').contains(textOrder);\n  });\n  cy.log('Check order in personal cabinet');\n  cy.get('.navbar-nav > :nth-child(3) > .nav-link').click();\n  cy.get('[href=\"/user/lk/index\"]').should('have.text', 'Личный кабинет').click();\n  cy.get('tbody > :nth-child(1) > :nth-child(3) > a').click();\n  cy.get(':nth-child(1) > tbody > :nth-child(1) > :nth-child(2)').should('have.text', '345-43-45');\n  cy.get(':nth-child(1) > tbody > :nth-child(2) > :nth-child(2)').should('have.text', 'Москва, Зенитная улица, д.20');\n  cy.log('Check order number in url and order list');\n  cy.get('.active').then($li => {\n    const orderNum = parseInt($li.text().replace(/[^0-9]/g, ''));\n    cy.window().then(win => {\n      const url = win.location.href;\n      const urlHashOrder = parseInt(url.toString().replace('http://shop.bugred.ru/user/lk/show/', ''));\n      expect(orderNum).to.eq(urlHashOrder);\n    });\n  });\n});",
              "err": {},
              "uuid": "fc6a8aa7-a001-4b33-b53f-595fdb7d670f",
              "parentUUID": "7e861291-7744-4438-bdd2-db1d4745990a",
              "isHook": false,
              "skipped": false
            }
          ],
          "suites": [],
          "passes": [
            "fc6a8aa7-a001-4b33-b53f-595fdb7d670f"
          ],
          "failures": [],
          "pending": [],
          "skipped": [],
          "duration": 6369,
          "root": false,
          "rootEmpty": false,
          "_timeout": 2000
        }
      ],
      "passes": [],
      "failures": [],
      "pending": [],
      "skipped": [],
      "duration": 0,
      "root": true,
      "rootEmpty": true,
      "_timeout": 2000
    }
  ],
  "meta": {
    "mocha": {
      "version": "7.0.1"
    },
    "mochawesome": {
      "options": {
        "quiet": false,
        "reportFilename": "mochawesome",
        "saveHtml": false,
        "saveJson": true,
        "consoleReporter": "spec",
        "useInlineDiffs": false,
        "code": true
      },
      "version": "6.3.0"
    },
    "marge": {
      "options": {
        "id": "default",
        "reportDir": "cypress/reports/mocha",
        "quite": true,
        "overwrite": false,
        "html": false,
        "json": true
      },
      "version": "5.2.0"
    }
  }
}