{
  "stats": {
    "suites": 1,
    "tests": 1,
    "passes": 1,
    "pending": 0,
    "failures": 0,
    "start": "2021-10-17T20:44:04.782Z",
    "end": "2021-10-17T20:44:08.886Z",
    "duration": 4104,
    "testsRegistered": 1,
    "passPercent": 100,
    "pendingPercent": 0,
    "other": 0,
    "hasOther": false,
    "skipped": 0,
    "hasSkipped": false
  },
  "results": [
    {
      "uuid": "84e58f5d-aa4e-48fb-afa2-9574cf33859c",
      "title": "",
      "fullFile": "cypress/integration/02_category-drop-down.spec.js",
      "file": "cypress/integration/02_category-drop-down.spec.js",
      "beforeHooks": [],
      "afterHooks": [],
      "tests": [],
      "suites": [
        {
          "uuid": "daa2a3b7-d694-40da-8b6d-cc31b75ac0a0",
          "title": "Category navbar dropdow by click",
          "fullFile": "",
          "file": "",
          "beforeHooks": [],
          "afterHooks": [],
          "tests": [
            {
              "title": "Dropdow by click",
              "fullTitle": "Category navbar dropdow by click Dropdow by click",
              "timedOut": null,
              "duration": 2499,
              "state": "passed",
              "speed": "slow",
              "pass": true,
              "fail": false,
              "pending": false,
              "context": null,
              "code": "cy.fixture('example.json').then(data => {\n  cy.log('Enter to main page');\n  cy.visit(data.main_url);\n  cy.get('title').should('have.text', 'Тестирование');\n  cy.log('Search nav elements');\n  cy.get('#navbarDropdown').click();\n  cy.get('.dropdown-menu a').should('have.length', 12).first().should('have.text', 'Категория 1');\n  cy.get('.dropdown-menu > :nth-child(5)').click();\n  cy.get('.breadcrumb-item.active').should('have.text', 'Платья');\n  cy.get('#navbarDropdown').click();\n  cy.get('.dropdown-menu > :nth-child(12)').click();\n  cy.get('.breadcrumb-item.active').should('have.text', 'Футболки');\n  cy.get('#navbarDropdown').click();\n  cy.get('.dropdown-menu > :nth-child(6)').click();\n  cy.get('.breadcrumb-item.active').should('have.text', 'Шорты');\n  cy.get('#navbarDropdown').click();\n  cy.get('.dropdown-menu > :nth-child(1)').click();\n  cy.get('.breadcrumb-item.active').should('have.text', 'Категория 1');\n  cy.get('.breadcrumb > :nth-child(1) > a').click();\n  cy.contains('.breadcrumb > :nth-child(1) > a').should('not.exist');\n});",
              "err": {},
              "uuid": "3f6ffe81-1af5-4234-bb4d-cf75a11d6048",
              "parentUUID": "daa2a3b7-d694-40da-8b6d-cc31b75ac0a0",
              "isHook": false,
              "skipped": false
            }
          ],
          "suites": [],
          "passes": [
            "3f6ffe81-1af5-4234-bb4d-cf75a11d6048"
          ],
          "failures": [],
          "pending": [],
          "skipped": [],
          "duration": 2499,
          "root": false,
          "rootEmpty": false,
          "_timeout": 2000
        }
      ],
      "passes": [],
      "failures": [],
      "pending": [],
      "skipped": [],
      "duration": 0,
      "root": true,
      "rootEmpty": true,
      "_timeout": 2000
    }
  ],
  "meta": {
    "mocha": {
      "version": "7.0.1"
    },
    "mochawesome": {
      "options": {
        "quiet": false,
        "reportFilename": "mochawesome",
        "saveHtml": false,
        "saveJson": true,
        "consoleReporter": "spec",
        "useInlineDiffs": false,
        "code": true
      },
      "version": "6.3.0"
    },
    "marge": {
      "options": {
        "id": "default",
        "reportDir": "cypress/reports/mocha",
        "quite": true,
        "overwrite": false,
        "html": false,
        "json": true
      },
      "version": "5.2.0"
    }
  }
}