{
  "stats": {
    "suites": 1,
    "tests": 1,
    "passes": 0,
    "pending": 0,
    "failures": 1,
    "start": "2021-10-17T20:44:52.952Z",
    "end": "2021-10-17T20:44:55.520Z",
    "duration": 2568,
    "testsRegistered": 1,
    "passPercent": 0,
    "pendingPercent": 0,
    "other": 0,
    "hasOther": false,
    "skipped": 0,
    "hasSkipped": false
  },
  "results": [
    {
      "uuid": "5b5f6a13-736a-4db4-8186-1f448d2f3546",
      "title": "",
      "fullFile": "cypress/integration/07_device_viewport.spec.js",
      "file": "cypress/integration/07_device_viewport.spec.js",
      "beforeHooks": [],
      "afterHooks": [],
      "tests": [],
      "suites": [
        {
          "uuid": "c687d468-f016-4daf-be3f-c450cc103f1a",
          "title": "Enter to site",
          "fullFile": "",
          "file": "",
          "beforeHooks": [],
          "afterHooks": [],
          "tests": [
            {
              "title": "First enter to web-page",
              "fullTitle": "Enter to site First enter to web-page",
              "timedOut": null,
              "duration": 917,
              "state": "failed",
              "speed": null,
              "pass": false,
              "fail": true,
              "pending": false,
              "context": "[\n  \"videos/07_device_viewport.spec.js.mp4\",\n  \"screenshots/07_device_viewport.spec.js/Enter to site -- First enter to web-page (failed).png\"\n]",
              "code": "cy.fixture('example.json').then(data => {\n  cy.log('Enter to main page');\n  cy.viewport(375, 667);\n  cy.visit(data.main_url);\n  cy.get('title').should('have.text', 'Тестирование');\n  cy.get('.navbar-toggler-icon').realTouch({\n    position: \"center\"\n  });\n});",
              "err": {
                "message": "Error: Failed request to chrome devtools protocol. This can happen if cypress lost connection to the browser or the command itself is not valid. Original cypress error: Error: true",
                "estack": "Error: Failed request to chrome devtools protocol. This can happen if cypress lost connection to the browser or the command itself is not valid. Original cypress error: Error: true\n    at eval (http://shop.bugred.ru/__cypress/tests?p=cypress/support/index.js:2677:19)",
                "diff": null
              },
              "uuid": "354ce321-4f4c-4d9a-85b3-ad641a1348a6",
              "parentUUID": "c687d468-f016-4daf-be3f-c450cc103f1a",
              "isHook": false,
              "skipped": false
            }
          ],
          "suites": [],
          "passes": [],
          "failures": [
            "354ce321-4f4c-4d9a-85b3-ad641a1348a6"
          ],
          "pending": [],
          "skipped": [],
          "duration": 917,
          "root": false,
          "rootEmpty": false,
          "_timeout": 2000
        }
      ],
      "passes": [],
      "failures": [],
      "pending": [],
      "skipped": [],
      "duration": 0,
      "root": true,
      "rootEmpty": true,
      "_timeout": 2000
    }
  ],
  "meta": {
    "mocha": {
      "version": "7.0.1"
    },
    "mochawesome": {
      "options": {
        "quiet": false,
        "reportFilename": "mochawesome",
        "saveHtml": false,
        "saveJson": true,
        "consoleReporter": "spec",
        "useInlineDiffs": false,
        "code": true
      },
      "version": "6.3.0"
    },
    "marge": {
      "options": {
        "id": "default",
        "reportDir": "cypress/reports/mocha",
        "quite": true,
        "overwrite": false,
        "html": false,
        "json": true
      },
      "version": "5.2.0"
    }
  }
}